<?xml version="1.0" encoding="UTF-8"?>
<!-- Generated by org.testng.reporters.JUnitReportReporter -->
<testsuite hostname="DESKTOP-GOVKSD7" failures="0" tests="4" name="learning_TestNG.Priority" time="0.056" errors="0" timestamp="2023-10-02T08:50:42 IST" skipped="1">
  <testcase classname="learning_TestNG.Priority" name="Register" time="0.049"/>
  <system-out/>
  <testcase classname="learning_TestNG.Priority" name="profile" time="0.004"/>
  <system-out/>
  <testcase classname="learning_TestNG.Priority" name="logout" time="0.003"/>
  <system-out/>
  <testcase classname="learning_TestNG.Priority" name="login">
    <skipped/>
  </testcase> <!-- login -->
  <system-out/>
</testsuite> <!-- learning_TestNG.Priority -->
