<?xml version="1.0" encoding="UTF-8"?>
<!-- Generated by org.testng.reporters.JUnitReportReporter -->
<testsuite hostname="DESKTOP-GOVKSD7" failures="0" tests="2" name="include_exclude_TestCase.Logout" time="0.002" errors="0" timestamp="2023-10-10T19:22:13 IST" skipped="0">
  <testcase classname="include_exclude_TestCase.Logout" name="LogoutValidation" time="0.001"/>
  <system-out/>
  <testcase classname="include_exclude_TestCase.Logout" name="LogoutPage" time="0.001"/>
  <system-out/>
</testsuite> <!-- include_exclude_TestCase.Logout -->
