<?xml version="1.0" encoding="UTF-8"?>
<!-- Generated by org.testng.reporters.JUnitReportReporter -->
<testsuite hostname="DESKTOP-GOVKSD7" failures="0" tests="1" name="include_exclude_TestCase.Launch" time="0.011" errors="0" timestamp="2023-10-10T19:22:13 IST" skipped="0">
  <testcase classname="include_exclude_TestCase.Launch" name="LaunchBrowser" time="0.011"/>
  <system-out/>
</testsuite> <!-- include_exclude_TestCase.Launch -->
