<?xml version="1.0" encoding="UTF-8"?>
<!-- Generated by org.testng.reporters.JUnitReportReporter -->
<testsuite hostname="DESKTOP-GOVKSD7" failures="0" tests="3" name="testCases.Multiple_TestCases" time="0.026" errors="0" timestamp="2023-10-08T20:49:31 IST" skipped="0">
  <testcase classname="testCases.Multiple_TestCases" name="login" time="0.001"/>
  <system-out/>
  <testcase classname="testCases.Multiple_TestCases" name="login" time="0.002"/>
  <system-out/>
  <testcase classname="testCases.Multiple_TestCases" name="login" time="0.023"/>
  <system-out/>
</testsuite> <!-- testCases.Multiple_TestCases -->
