<?xml version="1.0" encoding="UTF-8"?>
<!-- Generated by org.testng.reporters.JUnitReportReporter -->
<testsuite hostname="DESKTOP-GOVKSD7" failures="0" tests="2" name="include_exclude_TestCase.Home" time="0.001" errors="0" timestamp="2023-10-10T19:22:13 IST" skipped="0">
  <testcase classname="include_exclude_TestCase.Home" name="HomePage" time="0.001"/>
  <system-out/>
  <testcase classname="include_exclude_TestCase.Home" name="HomeValidation" time="0.000"/>
  <system-out/>
</testsuite> <!-- include_exclude_TestCase.Home -->
