<?xml version="1.0" encoding="UTF-8"?>
<!-- Generated by org.testng.reporters.JUnitReportReporter -->
<testsuite hostname="DESKTOP-GOVKSD7" failures="0" tests="5" name="group_in_TestNG.Group_in_TestNG" time="0.013" errors="0" timestamp="2023-10-11T19:27:48 IST" skipped="0">
  <testcase classname="group_in_TestNG.Group_in_TestNG" name="tc1" time="0.009"/>
  <system-out/>
  <testcase classname="group_in_TestNG.Group_in_TestNG" name="tc2" time="0.001"/>
  <system-out/>
  <testcase classname="group_in_TestNG.Group_in_TestNG" name="tc3" time="0.001"/>
  <system-out/>
  <testcase classname="group_in_TestNG.Group_in_TestNG" name="tc5" time="0.001"/>
  <system-out/>
  <testcase classname="group_in_TestNG.Group_in_TestNG" name="tc4" time="0.001"/>
  <system-out/>
</testsuite> <!-- group_in_TestNG.Group_in_TestNG -->
