<?xml version="1.0" encoding="UTF-8"?>
<!-- Generated by org.testng.reporters.JUnitReportReporter -->
<testsuite hostname="DESKTOP-GOVKSD7" failures="0" tests="3" name="dataProvider.DataProvider" time="0.016" errors="0" timestamp="2023-10-03T18:33:25 IST" skipped="0">
  <testcase classname="dataProvider.DataProvider" name="DataMatrix" time="0.000"/>
  <system-out/>
  <testcase classname="dataProvider.DataProvider" name="DataMatrix" time="0.001"/>
  <system-out/>
  <testcase classname="dataProvider.DataProvider" name="DataMatrix" time="0.015"/>
  <system-out/>
</testsuite> <!-- dataProvider.DataProvider -->
