<?xml version="1.0" encoding="UTF-8"?>
<!-- Generated by org.testng.reporters.JUnitReportReporter -->
<testsuite hostname="DESKTOP-GOVKSD7" failures="0" tests="1" name="dataProvider.DataP" time="0.013" errors="0" timestamp="2023-10-07T23:25:04 IST" skipped="0">
  <testcase classname="dataProvider.DataP" name="LaunchBrowser" time="0.013"/>
  <system-out/>
</testsuite> <!-- dataProvider.DataP -->
