<?xml version="1.0" encoding="UTF-8"?>
<!-- Generated by org.testng.reporters.JUnitReportReporter -->
<testsuite hostname="DESKTOP-GOVKSD7" failures="0" tests="1" name="include_exclude_TestCase.Login" time="0.010" errors="0" timestamp="2023-10-10T20:37:25 IST" skipped="0">
  <testcase classname="include_exclude_TestCase.Login" name="LoginValidation" time="0.010"/>
  <system-out/>
</testsuite> <!-- include_exclude_TestCase.Login -->
