<?xml version="1.0" encoding="UTF-8"?>
<!-- Generated by org.testng.reporters.JUnitReportReporter -->
<testsuite hostname="DESKTOP-GOVKSD7" failures="0" tests="1" name="learning_TestNG.Test_Annotations" time="0.023" errors="0" timestamp="2023-09-29T18:40:13 IST" skipped="0">
  <testcase classname="learning_TestNG.Test_Annotations" name="test" time="0.023"/>
  <system-out/>
</testsuite> <!-- learning_TestNG.Test_Annotations -->
