<?xml version="1.0" encoding="UTF-8"?>
<!-- Generated by org.testng.reporters.JUnitReportReporter -->
<testsuite hostname="DESKTOP-GOVKSD7" failures="0" tests="3" name="iTestContext.ITestContextDemo" time="0.014" errors="0" timestamp="2023-10-09T22:30:19 IST" skipped="0">
  <testcase classname="iTestContext.ITestContextDemo" name="setUp" time="0.012"/>
  <system-out/>
  <testcase classname="iTestContext.ITestContextDemo" name="Logic" time="0.001"/>
  <system-out/>
  <testcase classname="iTestContext.ITestContextDemo" name="exit" time="0.001"/>
  <system-out/>
</testsuite> <!-- iTestContext.ITestContextDemo -->
