<?xml version="1.0" encoding="UTF-8"?>
<!-- Generated by org.testng.reporters.JUnitReportReporter -->
<testsuite hostname="DESKTOP-GOVKSD7" failures="0" tests="4" name="testCases.Ashovn" time="45.685" errors="0" timestamp="2023-10-08T20:26:07 IST" skipped="0">
  <testcase classname="testCases.Ashovn" name="loginTest" time="13.331"/>
  <system-out/>
  <testcase classname="testCases.Ashovn" name="loginTest" time="12.105"/>
  <system-out/>
  <testcase classname="testCases.Ashovn" name="loginTest" time="10.271"/>
  <system-out/>
  <testcase classname="testCases.Ashovn" name="loginTest" time="9.978"/>
  <system-out/>
</testsuite> <!-- testCases.Ashovn -->
